<?xml version="1.0" encoding="UTF-8"?>
<!-- Generated by org.testng.reporters.JUnitXMLReporter -->
<testsuite hostname="EC2AMAZ-CKO5V2S" ignored="0" name="Test1" tests="11" failures="0" timestamp="2020-02-12T12:24:17 UTC" time="292.247" errors="0">
  <testcase name="test_agebelow18andmore110" time="33.177" classname="com.racv.tests.SingleTripGetQuoteFieldValidationTest"/>
  <testcase name="test_ageprimaryagefieldblankvalidation" time="35.497" classname="com.racv.tests.SingleTripGetQuoteFieldValidationTest"/>
  <testcase name="test_leavingandretruningdatesame" time="24.765" classname="com.racv.tests.SingleTripGetQuoteFieldValidationTest"/>
  <testcase name="test_leavingonfieldblankvalidation" time="24.439" classname="com.racv.tests.SingleTripGetQuoteFieldValidationTest"/>
  <testcase name="test_pastdate" time="11.083" classname="com.racv.tests.SingleTripGetQuoteFieldValidationTest"/>
  <testcase name="test_singletrip_leavingdate_548days" time="13.095" classname="com.racv.tests.SingleTripGetQuoteFieldValidationTest"/>
  <testcase name="test_singletripreturningdate_365days" time="18.269" classname="com.racv.tests.SingleTripGetQuoteFieldValidationTest"/>
  <testcase name="test_traveldestfieldblankvalidation" time="6.104" classname="com.racv.tests.SingleTripGetQuoteFieldValidationTest"/>
  <testcase name="testgetaquote" time="31.667" classname="com.racv.tests.SingleTripGetQuoteFieldValidationTest"/>
  <testcase name="testgetdomestic_Internationaltravel" time="14.265" classname="com.racv.tests.SingleTripGetQuoteFieldValidationTest"/>
  <testcase name="testsingletripselected" time="5.224" classname="com.racv.tests.SingleTripGetQuoteFieldValidationTest"/>
</testsuite> <!-- Test1 -->
